Backing up NetworkManager.cfg...
Restarting NetworkManager...
Backing up /etc/dnsmasq.conf...
Writing dnsmasq config file...
Creating new /etc/dnsmasq.conf...
Writing hostapd config file...
Configuring AP interface...
Applying iptables rules...
Starting DNSMASQ server...
Starting AP on wlan0 in screen terminal...
Configuration file: /etc/hostapd/hostapd.conf
wlan0: Could not connect to kernel driver
Using interface wlan0 with hwaddr b8:27:eb:c2:87:93 and ssid "vtrust-flash"
wlan0: interface state UNINITIALIZED->ENABLED
wlan0: AP-ENABLED 
wlan0: STA 00:1f:1f:12:0a:46 IEEE 802.11: associated
wlan0: AP-STA-CONNECTED 00:1f:1f:12:0a:46
wlan0: STA 00:1f:1f:12:0a:46 RADIUS: starting accounting session A825D422C7007B00
wlan0: STA 00:1f:1f:12:0a:46 WPA: pairwise key handshake completed (RSN)
wlan0: STA 84:f3:eb:f4:f2:05 IEEE 802.11: associated
wlan0: AP-STA-CONNECTED 84:f3:eb:f4:f2:05
wlan0: STA 84:f3:eb:f4:f2:05 RADIUS: starting accounting session 8AAA5900C5380AB8
wlan0: STA 84:f3:eb:f4:f2:05 WPA: pairwise key handshake completed (RSN)
wlan0: STA 84:f3:eb:f4:f2:05 WPA: group key handshake completed (RSN)
wlan0: STA 00:1f:1f:12:0a:46 WPA: group key handshake completed (RSN)
wlan0: STA 84:f3:eb:f4:f2:05 WPA: group key handshake completed (RSN)
wlan0: STA 00:1f:1f:12:0a:46 WPA: group key handshake completed (RSN)
wlan0: STA 00:1f:1f:12:0a:46 WPA: group key handshake completed (RSN)
wlan0: STA 84:f3:eb:f4:f2:05 WPA: group key handshake completed (RSN)
